0 info it worked if it ends with ok
1 verbose cli [ '/usr/bin/node', '/usr/bin/npm', 'start' ]
2 info using npm@3.5.2
3 info using node@v8.10.0
4 verbose run-script [ 'prestart', 'start', 'poststart' ]
5 info lifecycle grapesjs-simple-lp@0.0.23~prestart: grapesjs-simple-lp@0.0.23
6 silly lifecycle grapesjs-simple-lp@0.0.23~prestart: no script for prestart, continuing
7 info lifecycle grapesjs-simple-lp@0.0.23~start: grapesjs-simple-lp@0.0.23
8 verbose lifecycle grapesjs-simple-lp@0.0.23~start: unsafe-perm in lifecycle true
9 verbose lifecycle grapesjs-simple-lp@0.0.23~start: PATH: /usr/share/npm/bin/node-gyp-bin:/home/omar/NetBeansProjects/grapesjs-simple-lp/node_modules/.bin:/usr/local/sbin:/usr/local/bin:/usr/sbin:/usr/bin:/sbin:/bin:/usr/games:/usr/local/games:/snap/bin
10 verbose lifecycle grapesjs-simple-lp@0.0.23~start: CWD: /home/omar/NetBeansProjects/grapesjs-simple-lp
11 silly lifecycle grapesjs-simple-lp@0.0.23~start: Args: [ '-c',
11 silly lifecycle   'webpack-dev-server --open --progress --colors & npm run build:css -- -w' ]
12 silly lifecycle grapesjs-simple-lp@0.0.23~start: Returned: code: 1  signal: null
13 info lifecycle grapesjs-simple-lp@0.0.23~start: Failed to exec start script
14 verbose stack Error: grapesjs-simple-lp@0.0.23 start: `webpack-dev-server --open --progress --colors & npm run build:css -- -w`
14 verbose stack Exit status 1
14 verbose stack     at EventEmitter.<anonymous> (/usr/share/npm/lib/utils/lifecycle.js:232:16)
14 verbose stack     at emitTwo (events.js:126:13)
14 verbose stack     at EventEmitter.emit (events.js:214:7)
14 verbose stack     at ChildProcess.<anonymous> (/usr/share/npm/lib/utils/spawn.js:24:14)
14 verbose stack     at emitTwo (events.js:126:13)
14 verbose stack     at ChildProcess.emit (events.js:214:7)
14 verbose stack     at maybeClose (internal/child_process.js:925:16)
14 verbose stack     at Process.ChildProcess._handle.onexit (internal/child_process.js:209:5)
15 verbose pkgid grapesjs-simple-lp@0.0.23
16 verbose cwd /home/omar/NetBeansProjects/grapesjs-simple-lp
17 error Linux 4.15.0-33-generic
18 error argv "/usr/bin/node" "/usr/bin/npm" "start"
19 error node v8.10.0
20 error npm  v3.5.2
21 error code ELIFECYCLE
22 error grapesjs-simple-lp@0.0.23 start: `webpack-dev-server --open --progress --colors & npm run build:css -- -w`
22 error Exit status 1
23 error Failed at the grapesjs-simple-lp@0.0.23 start script 'webpack-dev-server --open --progress --colors & npm run build:css -- -w'.
23 error Make sure you have the latest version of node.js and npm installed.
23 error If you do, this is most likely a problem with the grapesjs-simple-lp package,
23 error not with npm itself.
23 error Tell the author that this fails on your system:
23 error     webpack-dev-server --open --progress --colors & npm run build:css -- -w
23 error You can get information on how to open an issue for this project with:
23 error     npm bugs grapesjs-simple-lp
23 error Or if that isn't available, you can get their info via:
23 error     npm owner ls grapesjs-simple-lp
23 error There is likely additional logging output above.
24 verbose exit [ 1, true ]
